[0m20:57:48.399965 [debug] [MainThread]: Sending event: {'category': 'dbt', 'action': 'invocation', 'label': 'start', 'context': [<snowplow_tracker.self_describing_json.SelfDescribingJson object at 0x0000014BF295FA10>, <snowplow_tracker.self_describing_json.SelfDescribingJson object at 0x0000014BF06F4410>, <snowplow_tracker.self_describing_json.SelfDescribingJson object at 0x0000014BF3BC7B10>]}


============================== 20:57:48.421726 | 2ecc8f56-e61f-4dc0-90ab-43d46d8ec82c ==============================
[0m20:57:48.421726 [info ] [MainThread]: Running with dbt=1.10.20
[0m20:57:48.428256 [debug] [MainThread]: running dbt with arguments {'static_parser': 'True', 'no_print': 'None', 'version_check': 'True', 'target_path': 'None', 'warn_error_options': 'WarnErrorOptionsV2(error=[], warn=[], silence=[])', 'printer_width': '80', 'write_json': 'True', 'empty': 'None', 'log_cache_events': 'False', 'introspect': 'True', 'cache_selected_only': 'False', 'log_format': 'default', 'debug': 'False', 'fail_fast': 'False', 'partial_parse': 'True', 'send_anonymous_usage_stats': 'True', 'quiet': 'False', 'warn_error': 'None', 'profiles_dir': '.', 'invocation_command': 'dbt debug --profiles-dir .', 'use_colors': 'True', 'indirect_selection': 'eager', 'use_experimental_parser': 'False', 'log_path': 'logs'}
[0m20:57:48.519356 [info ] [MainThread]: dbt version: 1.10.20
[0m20:57:48.520092 [info ] [MainThread]: python version: 3.13.2
[0m20:57:48.520673 [info ] [MainThread]: python path: C:\Users\DEVANSHI\AppData\Local\Programs\Python\Python313\python.exe
[0m20:57:48.525117 [info ] [MainThread]: os info: Windows-11-10.0.26200-SP0
[0m20:57:48.527392 [info ] [MainThread]: Using profiles dir at .
[0m20:57:48.527831 [info ] [MainThread]: Using profiles.yml file at .\profiles.yml
[0m20:57:48.528207 [info ] [MainThread]: Using dbt_project.yml file at C:\Users\DEVANSHI\Downloads\order-intelligence-cdc-pro-final\order-intelligence-cdc-pro-final\dbt_project.yml
[0m20:57:48.528706 [info ] [MainThread]: Configuration:
[0m20:57:48.529078 [info ] [MainThread]:   profiles.yml file [[31mERROR not found[0m]
[0m20:57:48.533836 [info ] [MainThread]:   dbt_project.yml file [[31mERROR not found[0m]
[0m20:57:48.535099 [info ] [MainThread]: Required dependencies:
[0m20:57:48.538021 [debug] [MainThread]: Executing "git --help"
[0m20:57:48.888833 [debug] [MainThread]: STDOUT: "b"usage: git [-v | --version] [-h | --help] [-C <path>] [-c <name>=<value>]\n           [--exec-path[=<path>]] [--html-path] [--man-path] [--info-path]\n           [-p | --paginate | -P | --no-pager] [--no-replace-objects] [--no-lazy-fetch]\n           [--no-optional-locks] [--no-advice] [--bare] [--git-dir=<path>]\n           [--work-tree=<path>] [--namespace=<name>] [--config-env=<name>=<envvar>]\n           <command> [<args>]\n\nThese are common Git commands used in various situations:\n\nstart a working area (see also: git help tutorial)\n   clone      Clone a repository into a new directory\n   init       Create an empty Git repository or reinitialize an existing one\n\nwork on the current change (see also: git help everyday)\n   add        Add file contents to the index\n   mv         Move or rename a file, a directory, or a symlink\n   restore    Restore working tree files\n   rm         Remove files from the working tree and from the index\n\nexamine the history and state (see also: git help revisions)\n   bisect     Use binary search to find the commit that introduced a bug\n   diff       Show changes between commits, commit and working tree, etc\n   grep       Print lines matching a pattern\n   log        Show commit logs\n   show       Show various types of objects\n   status     Show the working tree status\n\ngrow, mark and tweak your common history\n   backfill   Download missing objects in a partial clone\n   branch     List, create, or delete branches\n   commit     Record changes to the repository\n   merge      Join two or more development histories together\n   rebase     Reapply commits on top of another base tip\n   reset      Reset current HEAD to the specified state\n   switch     Switch branches\n   tag        Create, list, delete or verify a tag object signed with GPG\n\ncollaborate (see also: git help workflows)\n   fetch      Download objects and refs from another repository\n   pull       Fetch from and integrate with another repository or a local branch\n   push       Update remote refs along with associated objects\n\n'git help -a' and 'git help -g' list available subcommands and some\nconcept guides. See 'git help <command>' or 'git help <concept>'\nto read about a specific subcommand or concept.\nSee 'git help git' for an overview of the system.\n""
[0m20:57:48.889661 [debug] [MainThread]: STDERR: "b''"
[0m20:57:48.890478 [info ] [MainThread]:  - git [[32mOK found[0m]

[0m20:57:48.891286 [info ] [MainThread]: Connection test skipped since no profile was found
[0m20:57:48.892447 [info ] [MainThread]: [31m2 checks failed:[0m
[0m20:57:48.893194 [info ] [MainThread]: dbt looked for a profiles.yml file in .\profiles.yml, but did
not find one. For more information on configuring your profile, consult the
documentation:

https://docs.getdbt.com/docs/configure-your-profile


[0m20:57:48.894208 [info ] [MainThread]: Project loading failed for the following reason:
 project path <C:\Users\DEVANSHI\Downloads\order-intelligence-cdc-pro-final\order-intelligence-cdc-pro-final\dbt_project.yml> not found

[0m20:57:48.896062 [debug] [MainThread]: Command `dbt debug` failed at 20:57:48.895533 after 1.04 seconds
[0m20:57:48.896922 [debug] [MainThread]: Sending event: {'category': 'dbt', 'action': 'invocation', 'label': 'end', 'context': [<snowplow_tracker.self_describing_json.SelfDescribingJson object at 0x0000014BF4BD5940>, <snowplow_tracker.self_describing_json.SelfDescribingJson object at 0x0000014BF4C183B0>, <snowplow_tracker.self_describing_json.SelfDescribingJson object at 0x0000014BF3A1FAC0>]}
[0m20:57:48.897586 [debug] [MainThread]: Flushing usage events
[0m20:57:49.493916 [debug] [MainThread]: An error was encountered while trying to flush usage events
[0m20:58:17.860619 [debug] [MainThread]: Sending event: {'category': 'dbt', 'action': 'invocation', 'label': 'start', 'context': [<snowplow_tracker.self_describing_json.SelfDescribingJson object at 0x00000215E4B47A10>, <snowplow_tracker.self_describing_json.SelfDescribingJson object at 0x00000215E28D4410>, <snowplow_tracker.self_describing_json.SelfDescribingJson object at 0x00000215E5DA3C50>]}


============================== 20:58:17.961775 | b31ce59e-6b8e-46d8-80e3-a365ae59d993 ==============================
[0m20:58:17.961775 [info ] [MainThread]: Running with dbt=1.10.20
[0m20:58:17.973584 [debug] [MainThread]: running dbt with arguments {'version_check': 'True', 'no_print': 'None', 'static_parser': 'True', 'warn_error_options': 'WarnErrorOptionsV2(error=[], warn=[], silence=[])', 'target_path': 'None', 'printer_width': '80', 'write_json': 'True', 'introspect': 'True', 'log_cache_events': 'False', 'empty': 'None', 'cache_selected_only': 'False', 'fail_fast': 'False', 'debug': 'False', 'log_format': 'default', 'profiles_dir': '.', 'send_anonymous_usage_stats': 'True', 'quiet': 'False', 'warn_error': 'None', 'partial_parse': 'True', 'invocation_command': 'dbt debug --profiles-dir .', 'use_colors': 'True', 'indirect_selection': 'eager', 'use_experimental_parser': 'False', 'log_path': 'logs'}
[0m20:58:18.089089 [info ] [MainThread]: dbt version: 1.10.20
[0m20:58:18.090652 [info ] [MainThread]: python version: 3.13.2
[0m20:58:18.091394 [info ] [MainThread]: python path: C:\Users\DEVANSHI\AppData\Local\Programs\Python\Python313\python.exe
[0m20:58:18.091916 [info ] [MainThread]: os info: Windows-11-10.0.26200-SP0
[0m20:58:18.093778 [info ] [MainThread]: Using profiles dir at .
[0m20:58:18.094272 [info ] [MainThread]: Using profiles.yml file at .\profiles.yml
[0m20:58:18.094806 [info ] [MainThread]: Using dbt_project.yml file at C:\Users\DEVANSHI\Downloads\order-intelligence-cdc-pro-final\order-intelligence-cdc-pro-final\dbt_project.yml
[0m20:58:18.095772 [info ] [MainThread]: Configuration:
[0m20:58:18.096930 [info ] [MainThread]:   profiles.yml file [[31mERROR not found[0m]
[0m20:58:18.098010 [info ] [MainThread]:   dbt_project.yml file [[31mERROR not found[0m]
[0m20:58:18.098762 [info ] [MainThread]: Required dependencies:
[0m20:58:18.104131 [debug] [MainThread]: Executing "git --help"
[0m20:58:18.891686 [debug] [MainThread]: STDOUT: "b"usage: git [-v | --version] [-h | --help] [-C <path>] [-c <name>=<value>]\n           [--exec-path[=<path>]] [--html-path] [--man-path] [--info-path]\n           [-p | --paginate | -P | --no-pager] [--no-replace-objects] [--no-lazy-fetch]\n           [--no-optional-locks] [--no-advice] [--bare] [--git-dir=<path>]\n           [--work-tree=<path>] [--namespace=<name>] [--config-env=<name>=<envvar>]\n           <command> [<args>]\n\nThese are common Git commands used in various situations:\n\nstart a working area (see also: git help tutorial)\n   clone      Clone a repository into a new directory\n   init       Create an empty Git repository or reinitialize an existing one\n\nwork on the current change (see also: git help everyday)\n   add        Add file contents to the index\n   mv         Move or rename a file, a directory, or a symlink\n   restore    Restore working tree files\n   rm         Remove files from the working tree and from the index\n\nexamine the history and state (see also: git help revisions)\n   bisect     Use binary search to find the commit that introduced a bug\n   diff       Show changes between commits, commit and working tree, etc\n   grep       Print lines matching a pattern\n   log        Show commit logs\n   show       Show various types of objects\n   status     Show the working tree status\n\ngrow, mark and tweak your common history\n   backfill   Download missing objects in a partial clone\n   branch     List, create, or delete branches\n   commit     Record changes to the repository\n   merge      Join two or more development histories together\n   rebase     Reapply commits on top of another base tip\n   reset      Reset current HEAD to the specified state\n   switch     Switch branches\n   tag        Create, list, delete or verify a tag object signed with GPG\n\ncollaborate (see also: git help workflows)\n   fetch      Download objects and refs from another repository\n   pull       Fetch from and integrate with another repository or a local branch\n   push       Update remote refs along with associated objects\n\n'git help -a' and 'git help -g' list available subcommands and some\nconcept guides. See 'git help <command>' or 'git help <concept>'\nto read about a specific subcommand or concept.\nSee 'git help git' for an overview of the system.\n""
[0m20:58:18.893526 [debug] [MainThread]: STDERR: "b''"
[0m20:58:18.900848 [info ] [MainThread]:  - git [[32mOK found[0m]

[0m20:58:18.917146 [info ] [MainThread]: Connection test skipped since no profile was found
[0m20:58:18.925837 [info ] [MainThread]: [31m2 checks failed:[0m
[0m20:58:18.928625 [info ] [MainThread]: dbt looked for a profiles.yml file in .\profiles.yml, but did
not find one. For more information on configuring your profile, consult the
documentation:

https://docs.getdbt.com/docs/configure-your-profile


[0m20:58:18.931900 [info ] [MainThread]: Project loading failed for the following reason:
 project path <C:\Users\DEVANSHI\Downloads\order-intelligence-cdc-pro-final\order-intelligence-cdc-pro-final\dbt_project.yml> not found

[0m20:58:18.948723 [debug] [MainThread]: Command `dbt debug` failed at 20:58:18.938975 after 2.82 seconds
[0m20:58:18.950975 [debug] [MainThread]: Sending event: {'category': 'dbt', 'action': 'invocation', 'label': 'end', 'context': [<snowplow_tracker.self_describing_json.SelfDescribingJson object at 0x00000215E6DB5940>, <snowplow_tracker.self_describing_json.SelfDescribingJson object at 0x00000215E6DF43B0>, <snowplow_tracker.self_describing_json.SelfDescribingJson object at 0x00000215E5BFFAC0>]}
[0m20:58:18.952404 [debug] [MainThread]: Flushing usage events
[0m20:58:20.007238 [debug] [MainThread]: An error was encountered while trying to flush usage events
